<?xml version="1.0" encoding="UTF-8"?>
<!-- Generated by org.testng.reporters.JUnitReportReporter -->
<testsuite skipped="3" hostname="Rakesh-Singh" name="com.qa.opencart.tests.AccountPageTest" tests="13" failures="0" timestamp="25 Jun 2024 02:03:20 GMT" time="24.154" errors="1">
  <testcase name="accountTitlrTest" time="5.066" classname="com.qa.opencart.tests.AccountPageTest">
    <error type="org.openqa.selenium.TimeoutException" message="Expected condition failed: waiting for title to be &quot;My Account11&quot;. Current title: &quot;My Account&quot; (tried for 5 second(s) with 500 milliseconds interval)
Build info: version: &#039;4.11.0&#039;, revision: &#039;040bc5406b&#039;
System info: os.name: &#039;Windows 10&#039;, os.arch: &#039;amd64&#039;, os.version: &#039;10.0&#039;, java.version: &#039;1.8.0_92&#039;
Driver info: org.openqa.selenium.chrome.ChromeDriver
Capabilities {acceptInsecureCerts: false, browserName: chrome, browserVersion: 126.0.6478.115, chrome: {chromedriverVersion: 126.0.6478.126 (d36ace6122e..., userDataDir: C:\Users\RAKESH~1.SIN\AppDa...}, fedcm:accounts: true, goog:chromeOptions: {debuggerAddress: localhost:52453}, networkConnectionEnabled: false, pageLoadStrategy: normal, platformName: windows, proxy: Proxy(), se:cdp: ws://localhost:52453/devtoo..., se:cdpVersion: 126.0.6478.115, setWindowRect: true, strictFileInteractability: false, timeouts: {implicit: 0, pageLoad: 300000, script: 30000}, unhandledPromptBehavior: dismiss and notify, webauthn:extension:credBlob: true, webauthn:extension:largeBlob: true, webauthn:extension:minPinLength: true, webauthn:extension:prf: true, webauthn:virtualAuthenticators: true}
Session ID: 1e51a5241a7dfb5654d30d027597fd60">
      <![CDATA[org.openqa.selenium.TimeoutException: Expected condition failed: waiting for title to be "My Account11". Current title: "My Account" (tried for 5 second(s) with 500 milliseconds interval)
Build info: version: '4.11.0', revision: '040bc5406b'
System info: os.name: 'Windows 10', os.arch: 'amd64', os.version: '10.0', java.version: '1.8.0_92'
Driver info: org.openqa.selenium.chrome.ChromeDriver
Capabilities {acceptInsecureCerts: false, browserName: chrome, browserVersion: 126.0.6478.115, chrome: {chromedriverVersion: 126.0.6478.126 (d36ace6122e..., userDataDir: C:\Users\RAKESH~1.SIN\AppDa...}, fedcm:accounts: true, goog:chromeOptions: {debuggerAddress: localhost:52453}, networkConnectionEnabled: false, pageLoadStrategy: normal, platformName: windows, proxy: Proxy(), se:cdp: ws://localhost:52453/devtoo..., se:cdpVersion: 126.0.6478.115, setWindowRect: true, strictFileInteractability: false, timeouts: {implicit: 0, pageLoad: 300000, script: 30000}, unhandledPromptBehavior: dismiss and notify, webauthn:extension:credBlob: true, webauthn:extension:largeBlob: true, webauthn:extension:minPinLength: true, webauthn:extension:prf: true, webauthn:virtualAuthenticators: true}
Session ID: 1e51a5241a7dfb5654d30d027597fd60
at org.openqa.selenium.support.ui.WebDriverWait.timeoutException(WebDriverWait.java:84)
at org.openqa.selenium.support.ui.FluentWait.until(FluentWait.java:230)
at com.qa.opencart.utils.ElementUtil.waitForTitleIs(ElementUtil.java:234)
at com.qa.opencart.pages.AccountsPage.getAccountPageTitle(AccountsPage.java:42)
at com.qa.opencart.tests.AccountPageTest.accountTitlrTest(AccountPageTest.java:20)
at sun.reflect.NativeMethodAccessorImpl.invoke0(Native Method)
at sun.reflect.NativeMethodAccessorImpl.invoke(NativeMethodAccessorImpl.java:62)
at sun.reflect.DelegatingMethodAccessorImpl.invoke(DelegatingMethodAccessorImpl.java:43)
at java.lang.reflect.Method.invoke(Method.java:498)
at org.testng.internal.MethodInvocationHelper.invokeMethod(MethodInvocationHelper.java:124)
at org.testng.internal.Invoker.invokeMethod(Invoker.java:583)
at org.testng.internal.Invoker.retryFailed(Invoker.java:839)
at org.testng.internal.Invoker.invokeTestMethods(Invoker.java:1010)
at org.testng.internal.TestMethodWorker.invokeTestMethods(TestMethodWorker.java:125)
at org.testng.internal.TestMethodWorker.run(TestMethodWorker.java:109)
at org.testng.TestRunner.privateRun(TestRunner.java:648)
at org.testng.TestRunner.run(TestRunner.java:505)
at org.testng.SuiteRunner.runTest(SuiteRunner.java:455)
at org.testng.SuiteRunner.access$000(SuiteRunner.java:40)
at org.testng.SuiteRunner$SuiteWorker.run(SuiteRunner.java:489)
at org.testng.internal.thread.ThreadUtil$1.call(ThreadUtil.java:52)
at java.util.concurrent.FutureTask.run(FutureTask.java:266)
at java.util.concurrent.ThreadPoolExecutor.runWorker(ThreadPoolExecutor.java:1142)
at java.util.concurrent.ThreadPoolExecutor$Worker.run(ThreadPoolExecutor.java:617)
at java.lang.Thread.run(Thread.java:745)
]]>
    </error>
  </testcase> <!-- accountTitlrTest -->
  <testcase name="accountTitlrTest" time="5.532" classname="com.qa.opencart.tests.AccountPageTest">
    <skipped/>
  </testcase> <!-- accountTitlrTest -->
  <testcase name="getPageUrlTest" time="0.029" classname="com.qa.opencart.tests.AccountPageTest"/>
  <testcase name="userLogOutPage" time="0.662" classname="com.qa.opencart.tests.AccountPageTest"/>
  <testcase name="addToCartButtonPresent" time="0.100" classname="com.qa.opencart.tests.AccountPageTest"/>
  <testcase name="getcontentMainHeaderList" time="0.225" classname="com.qa.opencart.tests.AccountPageTest"/>
  <testcase name="searchBoxPresent" time="0.313" classname="com.qa.opencart.tests.AccountPageTest"/>
  <testcase name="footerLinkAllList" time="1.194" classname="com.qa.opencart.tests.AccountPageTest"/>
  <testcase name="accountTitlrTest" time="5.238" classname="com.qa.opencart.tests.AccountPageTest">
    <skipped/>
  </testcase> <!-- accountTitlrTest -->
  <testcase name="homePageHeader" time="0.248" classname="com.qa.opencart.tests.AccountPageTest"/>
  <testcase name="getMyAccountPresent" time="0.083" classname="com.qa.opencart.tests.AccountPageTest"/>
  <testcase name="accountTitlrTest" time="5.374" classname="com.qa.opencart.tests.AccountPageTest">
    <skipped/>
  </testcase> <!-- accountTitlrTest -->
  <testcase name="LogoutLinkPresent" time="0.090" classname="com.qa.opencart.tests.AccountPageTest"/>
</testsuite> <!-- com.qa.opencart.tests.AccountPageTest -->
