<?xml version="1.0" encoding="UTF-8"?>
<!-- Generated by org.testng.reporters.JUnitReportReporter -->
<testsuite hostname="Rakesh-Singh" failures="1" tests="13" name="com.qa.opencart.tests.LoginPageTest" time="4.460" errors="0" timestamp="01 Jul 2024 11:10:41 GMT" skipped="3">
  <testcase classname="com.qa.opencart.tests.LoginPageTest" name="verifyLoginLinkIsPresent" time="0.272"/>
  <testcase classname="com.qa.opencart.tests.LoginPageTest" name="verifyReturningCustomerTextIsPresent" time="0.216"/>
  <testcase classname="com.qa.opencart.tests.LoginPageTest" name="verifyFailTest" time="0.254">
    <failure message="Login page title doesn&#039;t match expected. expected [Opencart] but found [Rakesh]" type="java.lang.AssertionError">
      <![CDATA[java.lang.AssertionError: Login page title doesn't match expected. expected [Opencart] but found [Rakesh]
at org.testng.Assert.fail(Assert.java:96)
at org.testng.Assert.failNotEquals(Assert.java:776)
at org.testng.Assert.assertEqualsImpl(Assert.java:137)
at org.testng.Assert.assertEquals(Assert.java:118)
at org.testng.Assert.assertEquals(Assert.java:453)
at com.qa.opencart.tests.LoginPageTest.verifyFailTest(LoginPageTest.java:35)
at java.base/jdk.internal.reflect.NativeMethodAccessorImpl.invoke0(Native Method)
at java.base/jdk.internal.reflect.NativeMethodAccessorImpl.invoke(NativeMethodAccessorImpl.java:62)
at java.base/jdk.internal.reflect.DelegatingMethodAccessorImpl.invoke(DelegatingMethodAccessorImpl.java:43)
at java.base/java.lang.reflect.Method.invoke(Method.java:566)
at org.testng.internal.MethodInvocationHelper.invokeMethod(MethodInvocationHelper.java:124)
at org.testng.internal.Invoker.invokeMethod(Invoker.java:583)
at org.testng.internal.Invoker.retryFailed(Invoker.java:839)
at org.testng.internal.Invoker.invokeTestMethods(Invoker.java:1010)
at org.testng.internal.TestMethodWorker.invokeTestMethods(TestMethodWorker.java:125)
at org.testng.internal.TestMethodWorker.run(TestMethodWorker.java:109)
at org.testng.TestRunner.privateRun(TestRunner.java:648)
at org.testng.TestRunner.run(TestRunner.java:505)
at org.testng.SuiteRunner.runTest(SuiteRunner.java:455)
at org.testng.SuiteRunner.access$000(SuiteRunner.java:40)
at org.testng.SuiteRunner$SuiteWorker.run(SuiteRunner.java:489)
at org.testng.internal.thread.ThreadUtil$1.call(ThreadUtil.java:52)
at java.base/java.util.concurrent.FutureTask.run(FutureTask.java:264)
at java.base/java.util.concurrent.ThreadPoolExecutor.runWorker(ThreadPoolExecutor.java:1128)
at java.base/java.util.concurrent.ThreadPoolExecutor$Worker.run(ThreadPoolExecutor.java:628)
at java.base/java.lang.Thread.run(Thread.java:834)
]]>
    </failure>
  </testcase> <!-- verifyFailTest -->
  <testcase classname="com.qa.opencart.tests.LoginPageTest" name="verifyFailTest" time="0.242">
    <skipped/>
  </testcase> <!-- verifyFailTest -->
  <testcase classname="com.qa.opencart.tests.LoginPageTest" name="verifyPasswordFieldIsPresent" time="0.180"/>
  <testcase classname="com.qa.opencart.tests.LoginPageTest" name="verifySuccessfulLogin" time="1.820"/>
  <testcase classname="com.qa.opencart.tests.LoginPageTest" name="verifyEmailAddressFieldIsPresent" time="0.673"/>
  <testcase classname="com.qa.opencart.tests.LoginPageTest" name="verifyRegisterFieldIsPresent" time="0.093"/>
  <testcase classname="com.qa.opencart.tests.LoginPageTest" name="verifyFailTest" time="0.081">
    <skipped/>
  </testcase> <!-- verifyFailTest -->
  <testcase classname="com.qa.opencart.tests.LoginPageTest" name="verifyLoginPageTitle" time="0.379"/>
  <testcase classname="com.qa.opencart.tests.LoginPageTest" name="verifyFailTest" time="0.060">
    <skipped/>
  </testcase> <!-- verifyFailTest -->
  <testcase classname="com.qa.opencart.tests.LoginPageTest" name="verifySearchBoxIsPresent" time="0.102"/>
  <testcase classname="com.qa.opencart.tests.LoginPageTest" name="verifyLoginPageUrl" time="0.088"/>
</testsuite> <!-- com.qa.opencart.tests.LoginPageTest -->
